<?xml version="1.0" encoding="UTF-8"?>
<!-- Generated by org.testng.reporters.JUnitReportReporter -->
<testsuite skipped="0" hostname="LAPTOP-CEPNQT7N" name="Runner2" tests="3" failures="1" timestamp="02 Oct 2019 07:02:57 GMT" time="1.602" errors="0">
  <testcase name="runScenario" time="0.013" classname="Runner2"/>
  <testcase name="runScenario" time="0.011" classname="Runner2"/>
  <testcase name="runScenario" time="1.578" classname="Runner2">
    <failure type="org.assertj.core.api.SoftAssertionError" message="
The following 2 assertions failed:
1) expected:&lt;&quot;B[Sum]mary&quot;&gt; but was:&lt;&quot;B[ankSu]mary&quot;&gt;
at BalanceEnquiry.userNavigatesToTheBankSummary(BalanceEnquiry.java:48) expected:&lt;&quot;B[Sum]mary&quot;&gt; but was:&lt;&quot;B[ankSu]mary&quot;&gt;
2) expected:&lt;12000.1[3]&gt; but was:&lt;12000.1[2]&gt;
at BalanceEnquiry.userNavigatesToTheBankSummary(BalanceEnquiry.java:49) expected:&lt;12000.1[3]&gt; but was:&lt;12000.1[2]&gt;
">
      <![CDATA[org.assertj.core.api.SoftAssertionError: 
The following 2 assertions failed:
1) expected:<"B[Sum]mary"> but was:<"B[ankSu]mary">
at BalanceEnquiry.userNavigatesToTheBankSummary(BalanceEnquiry.java:48) expected:<"B[Sum]mary"> but was:<"B[ankSu]mary">
2) expected:<12000.1[3]> but was:<12000.1[2]>
at BalanceEnquiry.userNavigatesToTheBankSummary(BalanceEnquiry.java:49) expected:<12000.1[3]> but was:<12000.1[2]>

at org.assertj.core.error.AssertionErrorCreator.multipleSoftAssertionsError(AssertionErrorCreator.java:76)
at org.assertj.core.api.SoftAssertions.assertAll(SoftAssertions.java:134)
at com.stepDefinitions.BalanceEnquiry.userNavigatesToTheBankSummary(BalanceEnquiry.java:50)
at âœ½.Navigate to Bank Summary Section(file:src/test/resources/features/CheckBalance.feature:29)
]]>
    </failure>
  </testcase> <!-- runScenario -->
</testsuite> <!-- Runner2 -->
