<?xml version="1.0" encoding="UTF-8"?>
<!-- Generated by org.testng.reporters.JUnitXMLReporter -->
<testsuite hostname="LAPTOP-CEPNQT7N" ignored="0" name="MyTests" tests="3" failures="1" timestamp="02 Oct 2019 07:22:41 GMT" time="1.952" errors="0">
  <testcase name="runScenario" time="1.503" classname="cucumber.api.testng.AbstractTestNGCucumberTests">
    <failure type="org.assertj.core.api.SoftAssertionError" message="
The following 2 assertions failed:
1) expected:&amp;lt;&amp;quot;B[Sum]mary&amp;quot;&amp;gt; but was:&amp;lt;&amp;quot;B[ankSu]mary&amp;quot;&amp;gt;
at BalanceEnquiry.userNavigatesToTheBankSummary(BalanceEnquiry.java:48) expected:&amp;lt;&amp;quot;B[Sum]mary&amp;quot;&amp;gt; but was:&amp;lt;&amp;quot;B[ankSu]mary&amp;quot;&amp;gt;
2) expected:&amp;lt;12000.1[3]&amp;gt; but was:&amp;lt;12000.1[2]&amp;gt;
at BalanceEnquiry.userNavigatesToTheBankSummary(BalanceEnquiry.java:49) expected:&amp;lt;12000.1[3]&amp;gt; but was:&amp;lt;12000.1[2]&amp;gt;
">
      <![CDATA[org.assertj.core.api.SoftAssertionError: 
The following 2 assertions failed:
1) expected:<"B[Sum]mary"> but was:<"B[ankSu]mary">
at BalanceEnquiry.userNavigatesToTheBankSummary(BalanceEnquiry.java:48) expected:<"B[Sum]mary"> but was:<"B[ankSu]mary">
2) expected:<12000.1[3]> but was:<12000.1[2]>
at BalanceEnquiry.userNavigatesToTheBankSummary(BalanceEnquiry.java:49) expected:<12000.1[3]> but was:<12000.1[2]>

at org.assertj.core.error.AssertionErrorCreator.multipleSoftAssertionsError(AssertionErrorCreator.java:76)
at org.assertj.core.api.SoftAssertions.assertAll(SoftAssertions.java:134)
at com.stepDefinitions.BalanceEnquiry.userNavigatesToTheBankSummary(BalanceEnquiry.java:50)
at âœ½.Navigate to Bank Summary Section(file:src/test/resources/features/CheckBalance.feature:29)
]]>
    </failure>
  </testcase> <!-- runScenario -->
  <testcase name="runScenario" time="0.015" classname="cucumber.api.testng.AbstractTestNGCucumberTests"/>
  <testcase name="runScenario" time="0.012" classname="cucumber.api.testng.AbstractTestNGCucumberTests"/>
</testsuite> <!-- MyTests -->
